[ 2017-09-06T21:26:40+08:00 ] ::1 /carshop/index.php/design.html
INFO: [ app_init ] --START--
INFO: Run Behavior\BuildLiteBehavior [ RunTime:0.000010s ]
INFO: [ app_init ] --END-- [ RunTime:0.000501s ]
ERR: 无法加载模块:Design

[ 2017-09-06T21:26:50+08:00 ] ::1 /carshop/index.php/design.html
INFO: [ app_init ] --START--
INFO: Run Behavior\BuildLiteBehavior [ RunTime:0.000010s ]
INFO: [ app_init ] --END-- [ RunTime:0.001307s ]
ERR: 无法加载模块:Design

[ 2017-09-06T22:03:41+08:00 ] ::1 /carshop/index.php/__MOUDLE__/Cate/lst
INFO: [ app_init ] --START--
INFO: Run Behavior\BuildLiteBehavior [ RunTime:0.000014s ]
INFO: [ app_init ] --END-- [ RunTime:0.000722s ]
ERR: 无法加载模块:__MOUDLE__

[ 2017-09-06T22:04:34+08:00 ] ::1 /carshop/index.php/__MOUDLE__/Cate/lst
INFO: [ app_init ] --START--
INFO: Run Behavior\BuildLiteBehavior [ RunTime:0.000019s ]
INFO: [ app_init ] --END-- [ RunTime:0.000650s ]
ERR: 无法加载模块:__MOUDLE__

[ 2017-09-06T22:04:38+08:00 ] ::1 /carshop/index.php/__MOUDLE__/Cate/lst
INFO: [ app_init ] --START--
INFO: Run Behavior\BuildLiteBehavior [ RunTime:0.000008s ]
INFO: [ app_init ] --END-- [ RunTime:0.000390s ]
ERR: 无法加载模块:__MOUDLE__

[ 2017-09-06T22:04:42+08:00 ] ::1 /carshop/index.php/__MOUDLE__/Cate/lst
INFO: [ app_init ] --START--
INFO: Run Behavior\BuildLiteBehavior [ RunTime:0.000011s ]
INFO: [ app_init ] --END-- [ RunTime:0.000592s ]
ERR: 无法加载模块:__MOUDLE__

[ 2017-09-06T22:04:57+08:00 ] ::1 /carshop/index.php/__MOUDLE__/Cate/lst
INFO: [ app_init ] --START--
INFO: Run Behavior\BuildLiteBehavior [ RunTime:0.000010s ]
INFO: [ app_init ] --END-- [ RunTime:0.000463s ]
ERR: 无法加载模块:__MOUDLE__

[ 2017-09-06T22:04:57+08:00 ] ::1 /carshop/index.php/__MOUDLE__/Cate/lst
INFO: [ app_init ] --START--
INFO: Run Behavior\BuildLiteBehavior [ RunTime:0.000011s ]
INFO: [ app_init ] --END-- [ RunTime:0.000463s ]
ERR: 无法加载模块:__MOUDLE__

[ 2017-09-06T22:04:57+08:00 ] ::1 /carshop/index.php/__MOUDLE__/Cate/lst
INFO: [ app_init ] --START--
INFO: Run Behavior\BuildLiteBehavior [ RunTime:0.000011s ]
INFO: [ app_init ] --END-- [ RunTime:0.000439s ]
ERR: 无法加载模块:__MOUDLE__

[ 2017-09-06T22:04:57+08:00 ] ::1 /carshop/index.php/__MOUDLE__/Cate/lst
INFO: [ app_init ] --START--
INFO: Run Behavior\BuildLiteBehavior [ RunTime:0.000009s ]
INFO: [ app_init ] --END-- [ RunTime:0.000375s ]
ERR: 无法加载模块:__MOUDLE__

[ 2017-09-06T22:04:57+08:00 ] ::1 /carshop/index.php/__MOUDLE__/Cate/lst
INFO: [ app_init ] --START--
INFO: Run Behavior\BuildLiteBehavior [ RunTime:0.000011s ]
INFO: [ app_init ] --END-- [ RunTime:0.000576s ]
ERR: 无法加载模块:__MOUDLE__

